Starting a Gradle Daemon, 1 stopped Daemon could not be reused, use --status for details
> Task :compileJava UP-TO-DATE
> Task :processResources UP-TO-DATE
> Task :classes UP-TO-DATE
> Task :resolveMainClassName UP-TO-DATE

> Task :bootRun

  .   ____          _            __ _ _
 /\\ / ___'_ __ _ _(_)_ __  __ _ \ \ \ \
( ( )\___ | '_ | '_| | '_ \/ _` | \ \ \ \
 \\/  ___)| |_)| | | | | || (_| |  ) ) ) )
  '  |____| .__|_| |_|_| |_\__, | / / / /
 =========|_|==============|___/=/_/_/_/

 :: Spring Boot ::                (v3.4.1)

2025-04-14T19:23:35.034+05:30  INFO 16083 --- [learning_navigator] [           main] c.c.l.LearningNavigatorApplication       : Starting LearningNavigatorApplication using Java 17.0.7 with PID 16083 (/tmp/gradle_builds/learning_navigator/learning_navigator/classes/java/main started by crio-user in /home/crio-user/workspace/kavyasony7512-ME_BUILDOUT_LEARNING_NAVIGATOR)
2025-04-14T19:23:35.039+05:30  INFO 16083 --- [learning_navigator] [           main] c.c.l.LearningNavigatorApplication       : No active profile set, falling back to 1 default profile: "default"
2025-04-14T19:23:36.309+05:30  INFO 16083 --- [learning_navigator] [           main] .s.d.r.c.RepositoryConfigurationDelegate : Bootstrapping Spring Data JPA repositories in DEFAULT mode.
2025-04-14T19:23:36.417+05:30  INFO 16083 --- [learning_navigator] [           main] .s.d.r.c.RepositoryConfigurationDelegate : Finished Spring Data repository scanning in 97 ms. Found 3 JPA repository interfaces.
2025-04-14T19:23:37.108+05:30  INFO 16083 --- [learning_navigator] [           main] o.s.b.w.embedded.tomcat.TomcatWebServer  : Tomcat initialized with port 8081 (http)
2025-04-14T19:23:37.128+05:30  INFO 16083 --- [learning_navigator] [           main] o.apache.catalina.core.StandardService   : Starting service [Tomcat]
2025-04-14T19:23:37.129+05:30  INFO 16083 --- [learning_navigator] [           main] o.apache.catalina.core.StandardEngine    : Starting Servlet engine: [Apache Tomcat/10.1.34]
2025-04-14T19:23:37.192+05:30  INFO 16083 --- [learning_navigator] [           main] o.a.c.c.C.[Tomcat].[localhost].[/]       : Initializing Spring embedded WebApplicationContext
2025-04-14T19:23:37.194+05:30  INFO 16083 --- [learning_navigator] [           main] w.s.c.ServletWebServerApplicationContext : Root WebApplicationContext: initialization completed in 1984 ms
2025-04-14T19:23:37.381+05:30  INFO 16083 --- [learning_navigator] [           main] o.hibernate.jpa.internal.util.LogHelper  : HHH000204: Processing PersistenceUnitInfo [name: default]
2025-04-14T19:23:37.471+05:30  INFO 16083 --- [learning_navigator] [           main] org.hibernate.Version                    : HHH000412: Hibernate ORM core version 6.6.4.Final
2025-04-14T19:23:37.519+05:30  INFO 16083 --- [learning_navigator] [           main] o.h.c.internal.RegionFactoryInitiator    : HHH000026: Second-level cache disabled
2025-04-14T19:23:37.873+05:30  INFO 16083 --- [learning_navigator] [           main] o.s.o.j.p.SpringPersistenceUnitInfo      : No LoadTimeWeaver setup: ignoring JPA class transformer
2025-04-14T19:23:37.906+05:30  INFO 16083 --- [learning_navigator] [           main] com.zaxxer.hikari.HikariDataSource       : HikariPool-1 - Starting...
2025-04-14T19:23:38.666+05:30  INFO 16083 --- [learning_navigator] [           main] com.zaxxer.hikari.pool.HikariPool        : HikariPool-1 - Added connection com.mysql.cj.jdbc.ConnectionImpl@3973b6d4
2025-04-14T19:23:38.668+05:30  INFO 16083 --- [learning_navigator] [           main] com.zaxxer.hikari.HikariDataSource       : HikariPool-1 - Start completed.
2025-04-14T19:23:38.753+05:30  WARN 16083 --- [learning_navigator] [           main] org.hibernate.dialect.Dialect            : HHH000511: The 5.7.42 version for [org.hibernate.dialect.MySQLDialect] is no longer supported, hence certain features may not work properly. The minimum supported version is 8.0.0. Check the community dialects project for available legacy versions.
2025-04-14T19:23:38.806+05:30  INFO 16083 --- [learning_navigator] [           main] org.hibernate.orm.connections.pooling    : HHH10001005: Database info:
	Database JDBC URL [Connecting through datasource 'HikariDataSource (HikariPool-1)']
	Database driver: undefined/unknown
	Database version: 5.7.42
	Autocommit mode: undefined/unknown
	Isolation level: undefined/unknown
	Minimum pool size: undefined/unknown
	Maximum pool size: undefined/unknown
2025-04-14T19:23:41.090+05:30  INFO 16083 --- [learning_navigator] [           main] o.h.e.t.j.p.i.JtaPlatformInitiator       : HHH000489: No JTA platform available (set 'hibernate.transaction.jta.platform' to enable JTA platform integration)
2025-04-14T19:23:41.187+05:30  INFO 16083 --- [learning_navigator] [           main] j.LocalContainerEntityManagerFactoryBean : Initialized JPA EntityManagerFactory for persistence unit 'default'
2025-04-14T19:23:41.720+05:30  WARN 16083 --- [learning_navigator] [           main] JpaBaseConfiguration$JpaWebConfiguration : spring.jpa.open-in-view is enabled by default. Therefore, database queries may be performed during view rendering. Explicitly configure spring.jpa.open-in-view to disable this warning
2025-04-14T19:23:42.245+05:30  INFO 16083 --- [learning_navigator] [           main] o.s.b.w.embedded.tomcat.TomcatWebServer  : Tomcat started on port 8081 (http) with context path '/'
2025-04-14T19:23:42.295+05:30  INFO 16083 --- [learning_navigator] [           main] c.c.l.LearningNavigatorApplication       : Started LearningNavigatorApplication in 8.228 seconds (process running for 8.769)
2025-04-14T19:23:44.059+05:30  INFO 16083 --- [learning_navigator] [nio-8081-exec-1] o.a.c.c.C.[Tomcat].[localhost].[/]       : Initializing Spring DispatcherServlet 'dispatcherServlet'
2025-04-14T19:23:44.060+05:30  INFO 16083 --- [learning_navigator] [nio-8081-exec-1] o.s.web.servlet.DispatcherServlet        : Initializing Servlet 'dispatcherServlet'
2025-04-14T19:23:44.069+05:30  INFO 16083 --- [learning_navigator] [nio-8081-exec-1] o.s.web.servlet.DispatcherServlet        : Completed initialization in 9 ms
2025-04-14T19:23:45.846+05:30  WARN 16083 --- [learning_navigator] [nio-8081-exec-9] o.h.engine.jdbc.spi.SqlExceptionHelper   : SQL Error: 1451, SQLState: 23000
2025-04-14T19:23:45.846+05:30 ERROR 16083 --- [learning_navigator] [nio-8081-exec-9] o.h.engine.jdbc.spi.SqlExceptionHelper   : Cannot delete or update a parent row: a foreign key constraint fails (`test_db`.`student_exams`, CONSTRAINT `FK4fquxbl5dsgopumluf9dkxaav` FOREIGN KEY (`exam_id`) REFERENCES `exams` (`id`))
2025-04-14T19:23:45.880+05:30  WARN 16083 --- [learning_navigator] [nio-8081-exec-1] o.h.engine.jdbc.spi.SqlExceptionHelper   : SQL Error: 1451, SQLState: 23000
2025-04-14T19:23:45.881+05:30 ERROR 16083 --- [learning_navigator] [nio-8081-exec-1] o.h.engine.jdbc.spi.SqlExceptionHelper   : Cannot delete or update a parent row: a foreign key constraint fails (`test_db`.`student_subjects`, CONSTRAINT `FKjuhviveo4kyikubl3suxro325` FOREIGN KEY (`subject_id`) REFERENCES `subjects` (`id`))
